<?xml version="1.0" encoding="UTF-8"?>
<beans xmlns="http://www.springframework.org/schema/beans"
       xmlns:xsi="http://www.w3.org/2001/XMLSchema-instance"
       xsi:schemaLocation="
http://www.springframework.org/schema/beans http://www.springframework.org/schema/beans/spring-beans-3.0.xsd">

	<bean id="userDao" class="ch01.UserDao" >
		<property name="dataSource" ref="dataSource" />
	</bean>
	
	<bean id="userDao2" class="ch03.UserDao2" >
		<property name="dataSource" ref="dataSource" />
	</bean>
	
	<bean id="dataSource" class="org.springframework.jdbc.datasource.SimpleDriverDataSource">
		<property name="driverClass" value="com.mysql.jdbc.Driver" />
		<property name="url" value="jdbc:mysql://localhost/spring_db?verifyServerCertificate=false&amp;useSSL=false" />
		<property name="username" value="id" />
		<property name="password" value="password" />
	</bean> 

</beans>